2022-05-01 13:55:44.006  INFO 333 --- [Test worker] com.example.app.AppApplicationTests      : Starting AppApplicationTests using Java 15.0.2 on 3756d3ea8bc5 with PID 333 (started by root in /srv)
2022-05-01 13:55:44.117  INFO 333 --- [Test worker] com.example.app.AppApplicationTests      : No active profile set, falling back to 1 default profile: "default"
2022-05-01 13:55:45.008 TRACE 333 --- [Test worker] o.s.w.c.s.GenericWebApplicationContext   : Refreshing org.springframework.web.context.support.GenericWebApplicationContext@60e949e1, started on Sun May 01 13:55:45 UTC 2022
2022-05-01 13:55:59.097  INFO 333 --- [Test worker] .s.d.r.c.RepositoryConfigurationDelegate : Bootstrapping Spring Data JPA repositories in DEFAULT mode.
2022-05-01 13:56:01.476  INFO 333 --- [Test worker] .s.d.r.c.RepositoryConfigurationDelegate : Finished Spring Data repository scanning in 2096 ms. Found 1 JPA repository interfaces.
2022-05-01 13:56:10.978 TRACE 333 --- [Test worker] o.s.w.c.s.GenericWebApplicationContext   : No 'messageSource' bean, using [Empty MessageSource]
2022-05-01 13:56:10.980 TRACE 333 --- [Test worker] o.s.w.c.s.GenericWebApplicationContext   : No 'applicationEventMulticaster' bean, using [SimpleApplicationEventMulticaster]
2022-05-01 13:56:15.334  INFO 333 --- [Test worker] com.zaxxer.hikari.HikariDataSource       : HikariPool-1 - Starting...
2022-05-01 13:56:20.702  INFO 333 --- [Test worker] com.zaxxer.hikari.HikariDataSource       : HikariPool-1 - Start completed.
2022-05-01 13:56:22.464  INFO 333 --- [Test worker] o.hibernate.jpa.internal.util.LogHelper  : HHH000204: Processing PersistenceUnitInfo [name: default]
2022-05-01 13:56:25.388  INFO 333 --- [Test worker] org.hibernate.Version                    : HHH000412: Hibernate ORM core version 5.6.8.Final
2022-05-01 13:56:31.949  INFO 333 --- [Test worker] o.hibernate.annotations.common.Version   : HCANN000001: Hibernate Commons Annotations {5.1.2.Final}
2022-05-01 13:56:38.655  INFO 333 --- [Test worker] org.hibernate.dialect.Dialect            : HHH000400: Using dialect: org.hibernate.dialect.MySQL8Dialect
2022-05-01 13:57:00.874  INFO 333 --- [Test worker] o.h.e.t.j.p.i.JtaPlatformInitiator       : HHH000490: Using JtaPlatform implementation: [org.hibernate.engine.transaction.jta.platform.internal.NoJtaPlatform]
2022-05-01 13:57:01.375  INFO 333 --- [Test worker] j.LocalContainerEntityManagerFactoryBean : Initialized JPA EntityManagerFactory for persistence unit 'default'
2022-05-01 13:57:12.547  WARN 333 --- [Test worker] JpaBaseConfiguration$JpaWebConfiguration : spring.jpa.open-in-view is enabled by default. Therefore, database queries may be performed during view rendering. Explicitly configure spring.jpa.open-in-view to disable this warning
2022-05-01 13:57:18.689 DEBUG 333 --- [Test worker] s.w.s.m.m.a.RequestMappingHandlerAdapter : ControllerAdvice beans: 0 @ModelAttribute, 0 @InitBinder, 1 RequestBodyAdvice, 1 ResponseBodyAdvice
2022-05-01 13:57:20.049 TRACE 333 --- [Test worker] s.w.s.m.m.a.RequestMappingHandlerMapping : 
	c.e.a.AppApplication:
	{ [/]}: home()
2022-05-01 13:57:20.061 TRACE 333 --- [Test worker] s.w.s.m.m.a.RequestMappingHandlerMapping : 
	c.e.a.c.HelloController:
	{GET [/]}: index(Model)
2022-05-01 13:57:20.085 TRACE 333 --- [Test worker] s.w.s.m.m.a.RequestMappingHandlerMapping : 
	c.e.a.c.UserController:
	{GET [/users]}: index(Model)
	{DELETE [/users/{id}]}: destroy(Long)
	{POST [/users]}: create(User)
	{GET [/users/new]}: newUser(Model)
	{GET [/users/{id}]}: show(Long,Model)
	{POST [/users/confirm]}: confirm(String,String,String,Model)
2022-05-01 13:57:20.090 TRACE 333 --- [Test worker] s.w.s.m.m.a.RequestMappingHandlerMapping : 
	o.s.b.a.w.s.e.BasicErrorController:
	{ [/error]}: error(HttpServletRequest)
	{ [/error], produces [text/html]}: errorHtml(HttpServletRequest,HttpServletResponse)
2022-05-01 13:57:20.096 DEBUG 333 --- [Test worker] s.w.s.m.m.a.RequestMappingHandlerMapping : 10 mappings in 'requestMappingHandlerMapping'
2022-05-01 13:57:20.255  INFO 333 --- [Test worker] o.s.b.a.w.s.WelcomePageHandlerMapping    : Adding welcome page template: index
2022-05-01 13:57:21.770 DEBUG 333 --- [Test worker] o.s.w.s.h.BeanNameUrlHandlerMapping      : Detected 0 mappings in 'beanNameHandlerMapping'
2022-05-01 13:57:22.176 TRACE 333 --- [Test worker] o.s.w.s.f.support.RouterFunctionMapping  : 0 RouterFunction(s) in 'routerFunctionMapping'
2022-05-01 13:57:22.585 TRACE 333 --- [Test worker] o.s.w.s.handler.SimpleUrlHandlerMapping  : Mapped [/webjars/**] onto ResourceHttpRequestHandler [classpath [META-INF/resources/webjars/]]
2022-05-01 13:57:22.589 TRACE 333 --- [Test worker] o.s.w.s.handler.SimpleUrlHandlerMapping  : Mapped [/**] onto ResourceHttpRequestHandler [classpath [META-INF/resources/], classpath [resources/], classpath [static/], classpath [public/], ServletContext [/]]
2022-05-01 13:57:22.593 DEBUG 333 --- [Test worker] o.s.w.s.handler.SimpleUrlHandlerMapping  : Patterns [/webjars/**, /**] in 'resourceHandlerMapping'
2022-05-01 13:57:22.927 DEBUG 333 --- [Test worker] .m.m.a.ExceptionHandlerExceptionResolver : ControllerAdvice beans: 0 @ExceptionHandler, 1 ResponseBodyAdvice
2022-05-01 13:57:29.422 TRACE 333 --- [Test worker] o.s.w.c.s.GenericWebApplicationContext   : Using LifecycleProcessor [org.springframework.context.support.DefaultLifecycleProcessor@7d7f966f]
2022-05-01 13:57:29.459  INFO 333 --- [Test worker] com.example.app.AppApplicationTests      : Started AppApplicationTests in 113.274 seconds (JVM running for 132.481)
2022-05-01 13:57:33.718 DEBUG 333 --- [SpringApplicationShutdownHook] o.s.w.c.s.GenericWebApplicationContext   : Closing org.springframework.web.context.support.GenericWebApplicationContext@60e949e1, started on Sun May 01 13:55:45 UTC 2022
2022-05-01 13:57:33.727  INFO 333 --- [SpringApplicationShutdownHook] j.LocalContainerEntityManagerFactoryBean : Closing JPA EntityManagerFactory for persistence unit 'default'
2022-05-01 13:57:33.754  INFO 333 --- [SpringApplicationShutdownHook] com.zaxxer.hikari.HikariDataSource       : HikariPool-1 - Shutdown initiated...
2022-05-01 13:57:33.786  INFO 333 --- [SpringApplicationShutdownHook] com.zaxxer.hikari.HikariDataSource       : HikariPool-1 - Shutdown completed.
2022-05-01 13:59:17.259  INFO 410 --- [main] com.example.app.AppApplication           : Starting AppApplication using Java 15.0.2 on 3756d3ea8bc5 with PID 410 (/srv/build/libs/app-0.0.1-SNAPSHOT.jar started by root in /srv)
2022-05-01 13:59:17.279  INFO 410 --- [main] com.example.app.AppApplication           : No active profile set, falling back to 1 default profile: "default"
2022-05-01 13:59:20.967  INFO 410 --- [main] .s.d.r.c.RepositoryConfigurationDelegate : Bootstrapping Spring Data JPA repositories in DEFAULT mode.
2022-05-01 13:59:21.234  INFO 410 --- [main] .s.d.r.c.RepositoryConfigurationDelegate : Finished Spring Data repository scanning in 201 ms. Found 1 JPA repository interfaces.
2022-05-01 13:59:24.523  INFO 410 --- [main] o.s.b.w.embedded.tomcat.TomcatWebServer  : Tomcat initialized with port(s): 8080 (http)
2022-05-01 13:59:24.591  INFO 410 --- [main] o.apache.catalina.core.StandardService   : Starting service [Tomcat]
2022-05-01 13:59:24.593  INFO 410 --- [main] org.apache.catalina.core.StandardEngine  : Starting Servlet engine: [Apache Tomcat/9.0.62]
2022-05-01 13:59:25.055  INFO 410 --- [main] o.a.c.c.C.[Tomcat].[localhost].[/]       : Initializing Spring embedded WebApplicationContext
2022-05-01 13:59:25.058  INFO 410 --- [main] w.s.c.ServletWebServerApplicationContext : Root WebApplicationContext: initialization completed in 7500 ms
2022-05-01 13:59:26.088  INFO 410 --- [main] com.zaxxer.hikari.HikariDataSource       : HikariPool-1 - Starting...
2022-05-01 13:59:27.248  INFO 410 --- [main] com.zaxxer.hikari.HikariDataSource       : HikariPool-1 - Start completed.
2022-05-01 13:59:27.534  INFO 410 --- [main] o.hibernate.jpa.internal.util.LogHelper  : HHH000204: Processing PersistenceUnitInfo [name: default]
2022-05-01 13:59:28.067  INFO 410 --- [main] org.hibernate.Version                    : HHH000412: Hibernate ORM core version 5.6.8.Final
2022-05-01 13:59:29.083  INFO 410 --- [main] o.hibernate.annotations.common.Version   : HCANN000001: Hibernate Commons Annotations {5.1.2.Final}
2022-05-01 13:59:30.057  INFO 410 --- [main] org.hibernate.dialect.Dialect            : HHH000400: Using dialect: org.hibernate.dialect.MySQL8Dialect
2022-05-01 13:59:34.434  INFO 410 --- [main] o.h.e.t.j.p.i.JtaPlatformInitiator       : HHH000490: Using JtaPlatform implementation: [org.hibernate.engine.transaction.jta.platform.internal.NoJtaPlatform]
2022-05-01 13:59:34.516  INFO 410 --- [main] j.LocalContainerEntityManagerFactoryBean : Initialized JPA EntityManagerFactory for persistence unit 'default'
2022-05-01 13:59:35.677  WARN 410 --- [main] JpaBaseConfiguration$JpaWebConfiguration : spring.jpa.open-in-view is enabled by default. Therefore, database queries may be performed during view rendering. Explicitly configure spring.jpa.open-in-view to disable this warning
2022-05-01 13:59:36.053 DEBUG 410 --- [main] s.w.s.m.m.a.RequestMappingHandlerAdapter : ControllerAdvice beans: 0 @ModelAttribute, 0 @InitBinder, 1 RequestBodyAdvice, 1 ResponseBodyAdvice
2022-05-01 13:59:36.374 TRACE 410 --- [main] s.w.s.m.m.a.RequestMappingHandlerMapping : 
	c.e.a.AppApplication:
	{ [/]}: home()
2022-05-01 13:59:36.381 TRACE 410 --- [main] s.w.s.m.m.a.RequestMappingHandlerMapping : 
	c.e.a.c.HelloController:
	{GET [/]}: index(Model)
2022-05-01 13:59:36.396 TRACE 410 --- [main] s.w.s.m.m.a.RequestMappingHandlerMapping : 
	c.e.a.c.UserController:
	{GET [/users]}: index(Model)
	{DELETE [/users/{id}]}: destroy(Long)
	{POST [/users]}: create(User)
	{GET [/users/new]}: newUser(Model)
	{GET [/users/{id}]}: show(Long,Model)
	{POST [/users/confirm]}: confirm(String,String,String,Model)
2022-05-01 13:59:36.406 TRACE 410 --- [main] s.w.s.m.m.a.RequestMappingHandlerMapping : 
	o.s.b.a.w.s.e.BasicErrorController:
	{ [/error]}: error(HttpServletRequest)
	{ [/error], produces [text/html]}: errorHtml(HttpServletRequest,HttpServletResponse)
2022-05-01 13:59:36.414 DEBUG 410 --- [main] s.w.s.m.m.a.RequestMappingHandlerMapping : 10 mappings in 'requestMappingHandlerMapping'
2022-05-01 13:59:39.201  INFO 410 --- [main] o.s.b.a.w.s.WelcomePageHandlerMapping    : Adding welcome page template: index
2022-05-01 13:59:39.248 DEBUG 410 --- [main] o.s.w.s.h.BeanNameUrlHandlerMapping      : Detected 0 mappings in 'beanNameHandlerMapping'
2022-05-01 13:59:39.273 TRACE 410 --- [main] o.s.w.s.f.support.RouterFunctionMapping  : 0 RouterFunction(s) in 'routerFunctionMapping'
2022-05-01 13:59:39.311 TRACE 410 --- [main] o.s.w.s.handler.SimpleUrlHandlerMapping  : Mapped [/webjars/**] onto ResourceHttpRequestHandler [classpath [META-INF/resources/webjars/]]
2022-05-01 13:59:39.313 TRACE 410 --- [main] o.s.w.s.handler.SimpleUrlHandlerMapping  : Mapped [/**] onto ResourceHttpRequestHandler [classpath [META-INF/resources/], classpath [resources/], classpath [static/], classpath [public/], ServletContext [/]]
2022-05-01 13:59:39.315 DEBUG 410 --- [main] o.s.w.s.handler.SimpleUrlHandlerMapping  : Patterns [/webjars/**, /**] in 'resourceHandlerMapping'
2022-05-01 13:59:39.349 DEBUG 410 --- [main] .m.m.a.ExceptionHandlerExceptionResolver : ControllerAdvice beans: 0 @ExceptionHandler, 1 ResponseBodyAdvice
2022-05-01 13:59:39.742  INFO 410 --- [main] o.s.b.w.embedded.tomcat.TomcatWebServer  : Tomcat started on port(s): 8080 (http) with context path ''
2022-05-01 13:59:39.764  INFO 410 --- [main] com.example.app.AppApplication           : Started AppApplication in 24.825 seconds (JVM running for 27.68)
2022-05-01 13:59:41.211  INFO 410 --- [http-nio-8080-exec-1] o.a.c.c.C.[Tomcat].[localhost].[/]       : Initializing Spring DispatcherServlet 'dispatcherServlet'
2022-05-01 13:59:41.214  INFO 410 --- [http-nio-8080-exec-1] o.s.web.servlet.DispatcherServlet        : Initializing Servlet 'dispatcherServlet'
2022-05-01 13:59:41.217 TRACE 410 --- [http-nio-8080-exec-1] o.s.web.servlet.DispatcherServlet        : Detected org.springframework.web.multipart.support.StandardServletMultipartResolver@6917bb4
2022-05-01 13:59:41.221 TRACE 410 --- [http-nio-8080-exec-1] o.s.web.servlet.DispatcherServlet        : Detected org.springframework.web.servlet.i18n.AcceptHeaderLocaleResolver@66213a0d
2022-05-01 13:59:41.224 TRACE 410 --- [http-nio-8080-exec-1] o.s.web.servlet.DispatcherServlet        : Detected org.springframework.web.servlet.theme.FixedThemeResolver@5c8e67b9
2022-05-01 13:59:41.233 TRACE 410 --- [http-nio-8080-exec-1] o.s.web.servlet.DispatcherServlet        : Detected DefaultRequestToViewNameTranslator
2022-05-01 13:59:41.236 TRACE 410 --- [http-nio-8080-exec-1] o.s.web.servlet.DispatcherServlet        : Detected SessionFlashMapManager
2022-05-01 13:59:41.240 DEBUG 410 --- [http-nio-8080-exec-1] o.s.web.servlet.DispatcherServlet        : enableLoggingRequestDetails='false': request parameters and headers will be masked to prevent unsafe logging of potentially sensitive data
2022-05-01 13:59:41.242  INFO 410 --- [http-nio-8080-exec-1] o.s.web.servlet.DispatcherServlet        : Completed initialization in 26 ms
2022-05-01 13:59:41.351 TRACE 410 --- [http-nio-8080-exec-1] o.s.web.servlet.DispatcherServlet        : GET "/", parameters={}, headers={masked} in DispatcherServlet 'dispatcherServlet'
2022-05-01 13:59:41.417 TRACE 410 --- [http-nio-8080-exec-1] s.w.s.m.m.a.RequestMappingHandlerMapping : 2 matching mappings: [{GET [/]}, { [/]}]
2022-05-01 13:59:41.429 TRACE 410 --- [http-nio-8080-exec-1] s.w.s.m.m.a.RequestMappingHandlerMapping : Mapped to com.example.app.controller.HelloController#index(Model)
2022-05-01 13:59:41.541 TRACE 410 --- [http-nio-8080-exec-1] o.s.web.method.HandlerMethod             : Arguments: [{}]
2022-05-01 13:59:41.552 TRACE 410 --- [http-nio-8080-exec-1] s.w.s.m.m.a.RequestMappingHandlerAdapter : Applying default cacheSeconds=-1
2022-05-01 13:59:41.563 DEBUG 410 --- [http-nio-8080-exec-1] o.s.w.s.v.ContentNegotiatingViewResolver : Selected 'text/html' given [text/html, application/xhtml+xml, image/avif, image/webp, image/apng, application/xml;q=0.9, application/signed-exchange;v=b3;q=0.9, */*;q=0.8]
2022-05-01 13:59:41.564 TRACE 410 --- [http-nio-8080-exec-1] o.s.web.servlet.DispatcherServlet        : Rendering view [org.thymeleaf.spring5.view.ThymeleafView@7e0b87d1] 
2022-05-01 13:59:43.073 TRACE 410 --- [http-nio-8080-exec-2] o.s.web.servlet.DispatcherServlet        : GET "/000", parameters={}, headers={masked} in DispatcherServlet 'dispatcherServlet'
2022-05-01 13:59:43.107 TRACE 410 --- [http-nio-8080-exec-2] o.s.w.s.handler.SimpleUrlHandlerMapping  : Mapped to HandlerExecutionChain with [ResourceHttpRequestHandler [classpath [META-INF/resources/], classpath [resources/], classpath [static/], classpath [public/], ServletContext [/]]] and 4 interceptors
2022-05-01 13:59:43.119 DEBUG 410 --- [http-nio-8080-exec-2] o.s.w.s.r.ResourceHttpRequestHandler     : Resource not found
2022-05-01 13:59:43.121 TRACE 410 --- [http-nio-8080-exec-2] o.s.web.servlet.DispatcherServlet        : No view rendering, null ModelAndView returned.
2022-05-01 13:59:43.128 DEBUG 410 --- [http-nio-8080-exec-2] o.s.web.servlet.DispatcherServlet        : Completed 404 NOT_FOUND, headers={masked}
2022-05-01 13:59:43.164 TRACE 410 --- [http-nio-8080-exec-2] o.s.web.servlet.DispatcherServlet        : "ERROR" dispatch for GET "/error", parameters={}, headers={masked} in DispatcherServlet 'dispatcherServlet'
2022-05-01 13:59:43.166 TRACE 410 --- [http-nio-8080-exec-2] s.w.s.m.m.a.RequestMappingHandlerMapping : 2 matching mappings: [{ [/error], produces [text/html]}, { [/error]}]
2022-05-01 13:59:43.168 TRACE 410 --- [http-nio-8080-exec-2] s.w.s.m.m.a.RequestMappingHandlerMapping : Mapped to org.springframework.boot.autoconfigure.web.servlet.error.BasicErrorController#errorHtml(HttpServletRequest, HttpServletResponse)
2022-05-01 13:59:43.173 TRACE 410 --- [http-nio-8080-exec-2] o.s.web.method.HandlerMethod             : Arguments: [org.apache.catalina.core.ApplicationHttpRequest@638973e, org.apache.catalina.connector.ResponseFacade@735ead34]
2022-05-01 13:59:43.199 TRACE 410 --- [http-nio-8080-exec-2] s.w.s.m.m.a.RequestMappingHandlerAdapter : Applying default cacheSeconds=-1
2022-05-01 13:59:43.202 DEBUG 410 --- [http-nio-8080-exec-2] o.s.w.s.v.ContentNegotiatingViewResolver : Selected 'text/html' given [text/html, text/html;q=0.8]
2022-05-01 13:59:43.203 TRACE 410 --- [http-nio-8080-exec-2] o.s.web.servlet.DispatcherServlet        : Rendering view [org.thymeleaf.spring5.view.ThymeleafView@57910cbb] 
2022-05-01 13:59:43.624 DEBUG 410 --- [http-nio-8080-exec-1] o.s.web.servlet.DispatcherServlet        : Completed 200 OK, headers={masked}
2022-05-01 13:59:43.628 DEBUG 410 --- [http-nio-8080-exec-2] o.s.web.servlet.DispatcherServlet        : Exiting from "ERROR" dispatch, status 404, headers={masked}
2022-05-01 13:59:43.660 TRACE 410 --- [http-nio-8080-exec-3] o.s.web.servlet.DispatcherServlet        : GET "/webjars/bootstrap/5.1.3/css/bootstrap.min.css", parameters={}, headers={masked} in DispatcherServlet 'dispatcherServlet'
2022-05-01 13:59:43.666 TRACE 410 --- [http-nio-8080-exec-3] o.s.w.s.handler.SimpleUrlHandlerMapping  : Matching patterns [/webjars/**, /**]
2022-05-01 13:59:43.674 TRACE 410 --- [http-nio-8080-exec-3] o.s.w.s.handler.SimpleUrlHandlerMapping  : Mapped to HandlerExecutionChain with [ResourceHttpRequestHandler [classpath [META-INF/resources/webjars/]]] and 4 interceptors
2022-05-01 13:59:43.681 TRACE 410 --- [http-nio-8080-exec-4] o.s.web.servlet.DispatcherServlet        : GET "/webjars/jquery/3.4.1/jquery.min.js", parameters={}, headers={masked} in DispatcherServlet 'dispatcherServlet'
2022-05-01 13:59:43.684 TRACE 410 --- [http-nio-8080-exec-3] o.s.w.s.r.ResourceHttpRequestHandler     : Applying default cacheSeconds=-1
2022-05-01 13:59:43.686 TRACE 410 --- [http-nio-8080-exec-4] o.s.w.s.handler.SimpleUrlHandlerMapping  : Matching patterns [/webjars/**, /**]
2022-05-01 13:59:43.688 TRACE 410 --- [http-nio-8080-exec-4] o.s.w.s.handler.SimpleUrlHandlerMapping  : Mapped to HandlerExecutionChain with [ResourceHttpRequestHandler [classpath [META-INF/resources/webjars/]]] and 4 interceptors
2022-05-01 13:59:43.688 TRACE 410 --- [http-nio-8080-exec-5] o.s.web.servlet.DispatcherServlet        : GET "/webjars/bootstrap/5.1.3/js/bootstrap.min.js", parameters={}, headers={masked} in DispatcherServlet 'dispatcherServlet'
2022-05-01 13:59:43.690 DEBUG 410 --- [http-nio-8080-exec-4] o.s.w.s.r.ResourceHttpRequestHandler     : Resource not found
2022-05-01 13:59:43.692 TRACE 410 --- [http-nio-8080-exec-5] o.s.w.s.handler.SimpleUrlHandlerMapping  : Matching patterns [/webjars/**, /**]
2022-05-01 13:59:43.693 TRACE 410 --- [http-nio-8080-exec-4] o.s.web.servlet.DispatcherServlet        : No view rendering, null ModelAndView returned.
2022-05-01 13:59:43.694 TRACE 410 --- [http-nio-8080-exec-5] o.s.w.s.handler.SimpleUrlHandlerMapping  : Mapped to HandlerExecutionChain with [ResourceHttpRequestHandler [classpath [META-INF/resources/webjars/]]] and 4 interceptors
2022-05-01 13:59:43.695 DEBUG 410 --- [http-nio-8080-exec-4] o.s.web.servlet.DispatcherServlet        : Completed 404 NOT_FOUND, headers={masked}
2022-05-01 13:59:43.697 TRACE 410 --- [http-nio-8080-exec-4] o.s.web.servlet.DispatcherServlet        : "ERROR" dispatch for GET "/error", parameters={}, headers={masked} in DispatcherServlet 'dispatcherServlet'
2022-05-01 13:59:43.699 TRACE 410 --- [http-nio-8080-exec-4] s.w.s.m.m.a.RequestMappingHandlerMapping : 2 matching mappings: [{ [/error]}, { [/error], produces [text/html]}]
2022-05-01 13:59:43.700 TRACE 410 --- [http-nio-8080-exec-5] o.s.w.s.r.ResourceHttpRequestHandler     : Applying default cacheSeconds=-1
2022-05-01 13:59:43.700 TRACE 410 --- [http-nio-8080-exec-4] s.w.s.m.m.a.RequestMappingHandlerMapping : Mapped to org.springframework.boot.autoconfigure.web.servlet.error.BasicErrorController#error(HttpServletRequest)
2022-05-01 13:59:43.704 TRACE 410 --- [http-nio-8080-exec-4] o.s.web.method.HandlerMethod             : Arguments: [org.apache.catalina.core.ApplicationHttpRequest@1032acfa]
2022-05-01 13:59:43.738 TRACE 410 --- [http-nio-8080-exec-5] o.s.web.servlet.DispatcherServlet        : No view rendering, null ModelAndView returned.
2022-05-01 13:59:43.740 DEBUG 410 --- [http-nio-8080-exec-5] o.s.web.servlet.DispatcherServlet        : Completed 200 OK, headers={masked}
2022-05-01 13:59:43.753 TRACE 410 --- [http-nio-8080-exec-3] o.s.web.servlet.DispatcherServlet        : No view rendering, null ModelAndView returned.
2022-05-01 13:59:43.757 DEBUG 410 --- [http-nio-8080-exec-3] o.s.web.servlet.DispatcherServlet        : Completed 200 OK, headers={masked}
2022-05-01 13:59:43.813 DEBUG 410 --- [http-nio-8080-exec-4] o.s.w.s.m.m.a.HttpEntityMethodProcessor  : Using 'application/json', given [*/*] and supported [application/json, application/*+json, application/json, application/*+json]
2022-05-01 13:59:43.816 TRACE 410 --- [http-nio-8080-exec-4] o.s.w.s.m.m.a.HttpEntityMethodProcessor  : Writing [{timestamp=Sun May 01 13:59:43 UTC 2022, status=404, error=Not Found, path=/webjars/jquery/3.4.1/jquery.min.js}]
2022-05-01 13:59:44.002 TRACE 410 --- [http-nio-8080-exec-4] s.w.s.m.m.a.RequestMappingHandlerAdapter : Applying default cacheSeconds=-1
2022-05-01 13:59:44.003 TRACE 410 --- [http-nio-8080-exec-4] o.s.web.servlet.DispatcherServlet        : No view rendering, null ModelAndView returned.
2022-05-01 13:59:44.004 DEBUG 410 --- [http-nio-8080-exec-4] o.s.web.servlet.DispatcherServlet        : Exiting from "ERROR" dispatch, status 404, headers={masked}
2022-05-01 13:59:44.054 TRACE 410 --- [http-nio-8080-exec-6] o.s.web.servlet.DispatcherServlet        : GET "/favicon.ico", parameters={}, headers={masked} in DispatcherServlet 'dispatcherServlet'
2022-05-01 13:59:44.057 TRACE 410 --- [http-nio-8080-exec-6] o.s.w.s.handler.SimpleUrlHandlerMapping  : Mapped to HandlerExecutionChain with [ResourceHttpRequestHandler [classpath [META-INF/resources/], classpath [resources/], classpath [static/], classpath [public/], ServletContext [/]]] and 4 interceptors
2022-05-01 13:59:44.064 DEBUG 410 --- [http-nio-8080-exec-6] o.s.w.s.r.ResourceHttpRequestHandler     : Resource not found
2022-05-01 13:59:44.065 TRACE 410 --- [http-nio-8080-exec-6] o.s.web.servlet.DispatcherServlet        : No view rendering, null ModelAndView returned.
2022-05-01 13:59:44.069 DEBUG 410 --- [http-nio-8080-exec-6] o.s.web.servlet.DispatcherServlet        : Completed 404 NOT_FOUND, headers={masked}
2022-05-01 13:59:44.073 TRACE 410 --- [http-nio-8080-exec-6] o.s.web.servlet.DispatcherServlet        : "ERROR" dispatch for GET "/error", parameters={}, headers={masked} in DispatcherServlet 'dispatcherServlet'
2022-05-01 13:59:44.083 TRACE 410 --- [http-nio-8080-exec-6] s.w.s.m.m.a.RequestMappingHandlerMapping : 2 matching mappings: [{ [/error]}, { [/error], produces [text/html]}]
2022-05-01 13:59:44.086 TRACE 410 --- [http-nio-8080-exec-6] s.w.s.m.m.a.RequestMappingHandlerMapping : Mapped to org.springframework.boot.autoconfigure.web.servlet.error.BasicErrorController#error(HttpServletRequest)
2022-05-01 13:59:44.089 TRACE 410 --- [http-nio-8080-exec-6] o.s.web.method.HandlerMethod             : Arguments: [org.apache.catalina.core.ApplicationHttpRequest@c5a594f]
2022-05-01 13:59:44.094 DEBUG 410 --- [http-nio-8080-exec-6] o.s.w.s.m.m.a.HttpEntityMethodProcessor  : Using 'application/json;q=0.8', given [image/avif, image/webp, image/apng, image/svg+xml, image/*, */*;q=0.8] and supported [application/json, application/*+json, application/json, application/*+json]
2022-05-01 13:59:44.098 TRACE 410 --- [http-nio-8080-exec-6] o.s.w.s.m.m.a.HttpEntityMethodProcessor  : Writing [{timestamp=Sun May 01 13:59:44 UTC 2022, status=404, error=Not Found, path=/favicon.ico}]
2022-05-01 13:59:44.144 TRACE 410 --- [http-nio-8080-exec-6] s.w.s.m.m.a.RequestMappingHandlerAdapter : Applying default cacheSeconds=-1
2022-05-01 13:59:44.145 TRACE 410 --- [http-nio-8080-exec-6] o.s.web.servlet.DispatcherServlet        : No view rendering, null ModelAndView returned.
2022-05-01 13:59:44.148 DEBUG 410 --- [http-nio-8080-exec-6] o.s.web.servlet.DispatcherServlet        : Exiting from "ERROR" dispatch, status 404, headers={masked}
2022-05-01 13:59:59.637 TRACE 410 --- [http-nio-8080-exec-7] o.s.web.servlet.DispatcherServlet        : GET "/", parameters={}, headers={masked} in DispatcherServlet 'dispatcherServlet'
2022-05-01 13:59:59.641 TRACE 410 --- [http-nio-8080-exec-7] s.w.s.m.m.a.RequestMappingHandlerMapping : 2 matching mappings: [{GET [/]}, { [/]}]
2022-05-01 13:59:59.643 TRACE 410 --- [http-nio-8080-exec-7] s.w.s.m.m.a.RequestMappingHandlerMapping : Mapped to com.example.app.controller.HelloController#index(Model)
2022-05-01 13:59:59.645 TRACE 410 --- [http-nio-8080-exec-7] o.s.web.method.HandlerMethod             : Arguments: [{}]
2022-05-01 13:59:59.647 TRACE 410 --- [http-nio-8080-exec-7] s.w.s.m.m.a.RequestMappingHandlerAdapter : Applying default cacheSeconds=-1
2022-05-01 13:59:59.650 TRACE 410 --- [http-nio-8080-exec-7] o.s.w.s.v.InternalResourceViewResolver   : View with key [index] served from cache
2022-05-01 13:59:59.652 DEBUG 410 --- [http-nio-8080-exec-7] o.s.w.s.v.ContentNegotiatingViewResolver : Selected 'text/html' given [text/html, application/xhtml+xml, image/avif, image/webp, image/apng, application/xml;q=0.9, application/signed-exchange;v=b3;q=0.9, */*;q=0.8]
2022-05-01 13:59:59.653 TRACE 410 --- [http-nio-8080-exec-7] o.s.web.servlet.DispatcherServlet        : Rendering view [org.thymeleaf.spring5.view.ThymeleafView@7e0b87d1] 
2022-05-01 13:59:59.660 DEBUG 410 --- [http-nio-8080-exec-7] o.s.web.servlet.DispatcherServlet        : Completed 200 OK, headers={masked}
2022-05-01 14:00:13.694 TRACE 410 --- [http-nio-8080-exec-8] o.s.web.servlet.DispatcherServlet        : GET "/new", parameters={}, headers={masked} in DispatcherServlet 'dispatcherServlet'
2022-05-01 14:00:13.698 TRACE 410 --- [http-nio-8080-exec-8] o.s.w.s.handler.SimpleUrlHandlerMapping  : Mapped to HandlerExecutionChain with [ResourceHttpRequestHandler [classpath [META-INF/resources/], classpath [resources/], classpath [static/], classpath [public/], ServletContext [/]]] and 4 interceptors
2022-05-01 14:00:17.496 DEBUG 410 --- [http-nio-8080-exec-8] o.s.w.s.r.ResourceHttpRequestHandler     : Resource not found
2022-05-01 14:00:17.498 TRACE 410 --- [http-nio-8080-exec-8] o.s.web.servlet.DispatcherServlet        : No view rendering, null ModelAndView returned.
2022-05-01 14:00:17.503 DEBUG 410 --- [http-nio-8080-exec-8] o.s.web.servlet.DispatcherServlet        : Completed 404 NOT_FOUND, headers={masked}
2022-05-01 14:00:17.507 TRACE 410 --- [http-nio-8080-exec-8] o.s.web.servlet.DispatcherServlet        : "ERROR" dispatch for GET "/error", parameters={}, headers={masked} in DispatcherServlet 'dispatcherServlet'
2022-05-01 14:00:17.511 TRACE 410 --- [http-nio-8080-exec-8] s.w.s.m.m.a.RequestMappingHandlerMapping : 2 matching mappings: [{ [/error], produces [text/html]}, { [/error]}]
2022-05-01 14:00:17.513 TRACE 410 --- [http-nio-8080-exec-8] s.w.s.m.m.a.RequestMappingHandlerMapping : Mapped to org.springframework.boot.autoconfigure.web.servlet.error.BasicErrorController#errorHtml(HttpServletRequest, HttpServletResponse)
2022-05-01 14:00:17.516 TRACE 410 --- [http-nio-8080-exec-8] o.s.web.method.HandlerMethod             : Arguments: [org.apache.catalina.core.ApplicationHttpRequest@13437b40, org.apache.catalina.connector.ResponseFacade@3538699]
2022-05-01 14:00:17.523 TRACE 410 --- [http-nio-8080-exec-8] s.w.s.m.m.a.RequestMappingHandlerAdapter : Applying default cacheSeconds=-1
2022-05-01 14:00:17.526 TRACE 410 --- [http-nio-8080-exec-8] o.s.w.s.v.InternalResourceViewResolver   : View with key [error] served from cache
2022-05-01 14:00:17.528 DEBUG 410 --- [http-nio-8080-exec-8] o.s.w.s.v.ContentNegotiatingViewResolver : Selected 'text/html' given [text/html, text/html;q=0.8]
2022-05-01 14:00:17.529 TRACE 410 --- [http-nio-8080-exec-8] o.s.web.servlet.DispatcherServlet        : Rendering view [org.thymeleaf.spring5.view.ThymeleafView@57910cbb] 
2022-05-01 14:00:17.540 DEBUG 410 --- [http-nio-8080-exec-8] o.s.web.servlet.DispatcherServlet        : Exiting from "ERROR" dispatch, status 404, headers={masked}
2022-05-01 14:00:17.590 TRACE 410 --- [http-nio-8080-exec-10] o.s.web.servlet.DispatcherServlet        : GET "/webjars/jquery/3.4.1/jquery.min.js", parameters={}, headers={masked} in DispatcherServlet 'dispatcherServlet'
2022-05-01 14:00:17.590 TRACE 410 --- [http-nio-8080-exec-9] o.s.web.servlet.DispatcherServlet        : GET "/webjars/bootstrap/5.1.3/css/bootstrap.min.css", parameters={}, headers={masked} in DispatcherServlet 'dispatcherServlet'
2022-05-01 14:00:17.596 TRACE 410 --- [http-nio-8080-exec-10] o.s.w.s.handler.SimpleUrlHandlerMapping  : Matching patterns [/webjars/**, /**]
2022-05-01 14:00:17.600 TRACE 410 --- [http-nio-8080-exec-1] o.s.web.servlet.DispatcherServlet        : GET "/webjars/bootstrap/5.1.3/js/bootstrap.min.js", parameters={}, headers={masked} in DispatcherServlet 'dispatcherServlet'
2022-05-01 14:00:17.601 TRACE 410 --- [http-nio-8080-exec-9] o.s.w.s.handler.SimpleUrlHandlerMapping  : Matching patterns [/webjars/**, /**]
2022-05-01 14:00:17.606 TRACE 410 --- [http-nio-8080-exec-10] o.s.w.s.handler.SimpleUrlHandlerMapping  : Mapped to HandlerExecutionChain with [ResourceHttpRequestHandler [classpath [META-INF/resources/webjars/]]] and 4 interceptors
2022-05-01 14:00:17.608 TRACE 410 --- [http-nio-8080-exec-9] o.s.w.s.handler.SimpleUrlHandlerMapping  : Mapped to HandlerExecutionChain with [ResourceHttpRequestHandler [classpath [META-INF/resources/webjars/]]] and 4 interceptors
2022-05-01 14:00:17.608 TRACE 410 --- [http-nio-8080-exec-1] o.s.w.s.handler.SimpleUrlHandlerMapping  : Matching patterns [/webjars/**, /**]
2022-05-01 14:00:17.611 DEBUG 410 --- [http-nio-8080-exec-10] o.s.w.s.r.ResourceHttpRequestHandler     : Resource not found
2022-05-01 14:00:17.612 TRACE 410 --- [http-nio-8080-exec-10] o.s.web.servlet.DispatcherServlet        : No view rendering, null ModelAndView returned.
2022-05-01 14:00:17.612 TRACE 410 --- [http-nio-8080-exec-1] o.s.w.s.handler.SimpleUrlHandlerMapping  : Mapped to HandlerExecutionChain with [ResourceHttpRequestHandler [classpath [META-INF/resources/webjars/]]] and 4 interceptors
2022-05-01 14:00:17.616 DEBUG 410 --- [http-nio-8080-exec-10] o.s.web.servlet.DispatcherServlet        : Completed 404 NOT_FOUND, headers={masked}
2022-05-01 14:00:17.620 TRACE 410 --- [http-nio-8080-exec-9] o.s.w.s.r.ResourceHttpRequestHandler     : Resource not modified
2022-05-01 14:00:17.620 TRACE 410 --- [http-nio-8080-exec-10] o.s.web.servlet.DispatcherServlet        : "ERROR" dispatch for GET "/error", parameters={}, headers={masked} in DispatcherServlet 'dispatcherServlet'
2022-05-01 14:00:17.622 TRACE 410 --- [http-nio-8080-exec-9] o.s.web.servlet.DispatcherServlet        : No view rendering, null ModelAndView returned.
2022-05-01 14:00:17.623 DEBUG 410 --- [http-nio-8080-exec-9] o.s.web.servlet.DispatcherServlet        : Completed 304 NOT_MODIFIED, headers={masked}
2022-05-01 14:00:17.624 TRACE 410 --- [http-nio-8080-exec-1] o.s.w.s.r.ResourceHttpRequestHandler     : Resource not modified
2022-05-01 14:00:17.624 TRACE 410 --- [http-nio-8080-exec-10] s.w.s.m.m.a.RequestMappingHandlerMapping : 2 matching mappings: [{ [/error]}, { [/error], produces [text/html]}]
2022-05-01 14:00:17.627 TRACE 410 --- [http-nio-8080-exec-1] o.s.web.servlet.DispatcherServlet        : No view rendering, null ModelAndView returned.
2022-05-01 14:00:17.628 TRACE 410 --- [http-nio-8080-exec-10] s.w.s.m.m.a.RequestMappingHandlerMapping : Mapped to org.springframework.boot.autoconfigure.web.servlet.error.BasicErrorController#error(HttpServletRequest)
2022-05-01 14:00:17.630 DEBUG 410 --- [http-nio-8080-exec-1] o.s.web.servlet.DispatcherServlet        : Completed 304 NOT_MODIFIED, headers={masked}
2022-05-01 14:00:17.631 TRACE 410 --- [http-nio-8080-exec-10] o.s.web.method.HandlerMethod             : Arguments: [org.apache.catalina.core.ApplicationHttpRequest@6fe01113]
2022-05-01 14:00:17.634 DEBUG 410 --- [http-nio-8080-exec-10] o.s.w.s.m.m.a.HttpEntityMethodProcessor  : Using 'application/json', given [*/*] and supported [application/json, application/*+json, application/json, application/*+json]
2022-05-01 14:00:17.637 TRACE 410 --- [http-nio-8080-exec-10] o.s.w.s.m.m.a.HttpEntityMethodProcessor  : Writing [{timestamp=Sun May 01 14:00:17 UTC 2022, status=404, error=Not Found, path=/webjars/jquery/3.4.1/jquery.min.js}]
2022-05-01 14:00:17.641 TRACE 410 --- [http-nio-8080-exec-10] s.w.s.m.m.a.RequestMappingHandlerAdapter : Applying default cacheSeconds=-1
2022-05-01 14:00:17.643 TRACE 410 --- [http-nio-8080-exec-10] o.s.web.servlet.DispatcherServlet        : No view rendering, null ModelAndView returned.
2022-05-01 14:00:17.645 DEBUG 410 --- [http-nio-8080-exec-10] o.s.web.servlet.DispatcherServlet        : Exiting from "ERROR" dispatch, status 404, headers={masked}
2022-05-01 14:00:23.107 TRACE 410 --- [http-nio-8080-exec-2] o.s.web.servlet.DispatcherServlet        : GET "/users", parameters={}, headers={masked} in DispatcherServlet 'dispatcherServlet'
2022-05-01 14:00:23.108 TRACE 410 --- [http-nio-8080-exec-2] s.w.s.m.m.a.RequestMappingHandlerMapping : Mapped to com.example.app.controller.UserController#index(Model)
2022-05-01 14:00:23.113 TRACE 410 --- [http-nio-8080-exec-2] o.s.web.method.HandlerMethod             : Arguments: [{}]
2022-05-01 14:00:24.732 TRACE 410 --- [http-nio-8080-exec-2] s.w.s.m.m.a.RequestMappingHandlerAdapter : Applying default cacheSeconds=-1
2022-05-01 14:00:24.741 DEBUG 410 --- [http-nio-8080-exec-2] o.s.w.s.v.ContentNegotiatingViewResolver : Selected 'text/html' given [text/html, application/xhtml+xml, image/avif, image/webp, image/apng, application/xml;q=0.9, application/signed-exchange;v=b3;q=0.9, */*;q=0.8]
2022-05-01 14:00:24.744 TRACE 410 --- [http-nio-8080-exec-2] o.s.web.servlet.DispatcherServlet        : Rendering view [org.thymeleaf.spring5.view.ThymeleafView@4d16c2f] 
2022-05-01 14:00:24.930 DEBUG 410 --- [http-nio-8080-exec-2] o.s.web.servlet.DispatcherServlet        : Completed 200 OK, headers={masked}
2022-05-01 14:00:30.629 TRACE 410 --- [http-nio-8080-exec-5] o.s.web.servlet.DispatcherServlet        : GET "/users/new", parameters={}, headers={masked} in DispatcherServlet 'dispatcherServlet'
2022-05-01 14:00:30.636 TRACE 410 --- [http-nio-8080-exec-5] s.w.s.m.m.a.RequestMappingHandlerMapping : Mapped to com.example.app.controller.UserController#newUser(Model)
2022-05-01 14:00:30.643 TRACE 410 --- [http-nio-8080-exec-5] o.s.web.method.HandlerMethod             : Arguments: [{}]
2022-05-01 14:00:30.654 TRACE 410 --- [http-nio-8080-exec-5] s.w.s.m.m.a.RequestMappingHandlerAdapter : Applying default cacheSeconds=-1
2022-05-01 14:00:30.665 DEBUG 410 --- [http-nio-8080-exec-5] o.s.w.s.v.ContentNegotiatingViewResolver : Selected 'text/html' given [text/html, application/xhtml+xml, image/avif, image/webp, image/apng, application/xml;q=0.9, application/signed-exchange;v=b3;q=0.9, */*;q=0.8]
2022-05-01 14:00:30.668 TRACE 410 --- [http-nio-8080-exec-5] o.s.web.servlet.DispatcherServlet        : Rendering view [org.thymeleaf.spring5.view.ThymeleafView@25b5bdc] 
2022-05-01 14:00:30.717 DEBUG 410 --- [http-nio-8080-exec-5] o.s.web.servlet.DispatcherServlet        : Completed 200 OK, headers={masked}
2022-05-01 14:00:46.302 TRACE 410 --- [http-nio-8080-exec-3] o.s.web.servlet.DispatcherServlet        : POST "/users/confirm", parameters={masked}, headers={masked} in DispatcherServlet 'dispatcherServlet'
2022-05-01 14:00:46.308 TRACE 410 --- [http-nio-8080-exec-3] s.w.s.m.m.a.RequestMappingHandlerMapping : Mapped to com.example.app.controller.UserController#confirm(String, String, String, Model)
2022-05-01 14:00:46.441 TRACE 410 --- [http-nio-8080-exec-3] o.s.web.method.HandlerMethod             : Arguments: [eee, eee, eee, {}]
2022-05-01 14:00:46.443 TRACE 410 --- [http-nio-8080-exec-3] s.w.s.m.m.a.RequestMappingHandlerAdapter : Applying default cacheSeconds=-1
2022-05-01 14:00:46.455 DEBUG 410 --- [http-nio-8080-exec-3] o.s.w.s.v.ContentNegotiatingViewResolver : Selected 'text/html' given [text/html, application/xhtml+xml, image/avif, image/webp, image/apng, application/xml;q=0.9, application/signed-exchange;v=b3;q=0.9, */*;q=0.8]
2022-05-01 14:00:46.458 TRACE 410 --- [http-nio-8080-exec-3] o.s.web.servlet.DispatcherServlet        : Rendering view [org.thymeleaf.spring5.view.ThymeleafView@46caa5f3] 
2022-05-01 14:00:46.486 DEBUG 410 --- [http-nio-8080-exec-3] o.s.web.servlet.DispatcherServlet        : Completed 200 OK, headers={masked}
2022-05-01 14:00:49.909 TRACE 410 --- [http-nio-8080-exec-4] o.s.web.servlet.DispatcherServlet        : POST "/users", parameters={masked}, headers={masked} in DispatcherServlet 'dispatcherServlet'
2022-05-01 14:00:49.920 TRACE 410 --- [http-nio-8080-exec-4] s.w.s.m.m.a.RequestMappingHandlerMapping : Mapped to com.example.app.controller.UserController#create(User)
2022-05-01 14:00:49.988 TRACE 410 --- [http-nio-8080-exec-4] o.s.web.method.HandlerMethod             : Arguments: [{id:null,name:eee,email:eee,inquiry:eee}]
2022-05-01 14:00:50.275 TRACE 410 --- [http-nio-8080-exec-4] s.w.s.m.m.a.RequestMappingHandlerAdapter : Applying default cacheSeconds=-1
2022-05-01 14:00:50.282 DEBUG 410 --- [http-nio-8080-exec-4] o.s.w.s.v.ContentNegotiatingViewResolver : Selected 'text/html' given [text/html, application/xhtml+xml, image/avif, image/webp, image/apng, application/xml;q=0.9, application/signed-exchange;v=b3;q=0.9, */*;q=0.8]
2022-05-01 14:00:50.288 TRACE 410 --- [http-nio-8080-exec-4] o.s.web.servlet.DispatcherServlet        : Rendering view [org.thymeleaf.spring5.view.ThymeleafView@435479fa] 
2022-05-01 14:00:50.311 DEBUG 410 --- [http-nio-8080-exec-4] o.s.web.servlet.DispatcherServlet        : Completed 200 OK, headers={masked}
2022-05-01 14:00:57.672 TRACE 410 --- [http-nio-8080-exec-6] o.s.web.servlet.DispatcherServlet        : GET "/", parameters={}, headers={masked} in DispatcherServlet 'dispatcherServlet'
2022-05-01 14:00:57.684 TRACE 410 --- [http-nio-8080-exec-6] s.w.s.m.m.a.RequestMappingHandlerMapping : 2 matching mappings: [{GET [/]}, { [/]}]
2022-05-01 14:00:57.691 TRACE 410 --- [http-nio-8080-exec-6] s.w.s.m.m.a.RequestMappingHandlerMapping : Mapped to com.example.app.controller.HelloController#index(Model)
2022-05-01 14:00:57.697 TRACE 410 --- [http-nio-8080-exec-6] o.s.web.method.HandlerMethod             : Arguments: [{}]
2022-05-01 14:00:57.703 TRACE 410 --- [http-nio-8080-exec-6] s.w.s.m.m.a.RequestMappingHandlerAdapter : Applying default cacheSeconds=-1
2022-05-01 14:00:57.710 TRACE 410 --- [http-nio-8080-exec-6] o.s.w.s.v.InternalResourceViewResolver   : View with key [index] served from cache
2022-05-01 14:00:57.715 DEBUG 410 --- [http-nio-8080-exec-6] o.s.w.s.v.ContentNegotiatingViewResolver : Selected 'text/html' given [text/html, application/xhtml+xml, image/avif, image/webp, image/apng, application/xml;q=0.9, application/signed-exchange;v=b3;q=0.9, */*;q=0.8]
2022-05-01 14:00:57.717 TRACE 410 --- [http-nio-8080-exec-6] o.s.web.servlet.DispatcherServlet        : Rendering view [org.thymeleaf.spring5.view.ThymeleafView@7e0b87d1] 
2022-05-01 14:00:57.728 DEBUG 410 --- [http-nio-8080-exec-6] o.s.web.servlet.DispatcherServlet        : Completed 200 OK, headers={masked}
2022-05-01 14:01:06.291 TRACE 410 --- [http-nio-8080-exec-7] o.s.web.servlet.DispatcherServlet        : GET "/users", parameters={}, headers={masked} in DispatcherServlet 'dispatcherServlet'
2022-05-01 14:01:06.293 TRACE 410 --- [http-nio-8080-exec-7] s.w.s.m.m.a.RequestMappingHandlerMapping : Mapped to com.example.app.controller.UserController#index(Model)
2022-05-01 14:01:06.295 TRACE 410 --- [http-nio-8080-exec-7] o.s.web.method.HandlerMethod             : Arguments: [{}]
2022-05-01 14:01:06.313 TRACE 410 --- [http-nio-8080-exec-7] s.w.s.m.m.a.RequestMappingHandlerAdapter : Applying default cacheSeconds=-1
2022-05-01 14:01:06.315 TRACE 410 --- [http-nio-8080-exec-7] o.s.w.s.v.InternalResourceViewResolver   : View with key [users/index] served from cache
2022-05-01 14:01:06.316 DEBUG 410 --- [http-nio-8080-exec-7] o.s.w.s.v.ContentNegotiatingViewResolver : Selected 'text/html' given [text/html, application/xhtml+xml, image/avif, image/webp, image/apng, application/xml;q=0.9, application/signed-exchange;v=b3;q=0.9, */*;q=0.8]
2022-05-01 14:01:06.316 TRACE 410 --- [http-nio-8080-exec-7] o.s.web.servlet.DispatcherServlet        : Rendering view [org.thymeleaf.spring5.view.ThymeleafView@4d16c2f] 
2022-05-01 14:01:06.329 DEBUG 410 --- [http-nio-8080-exec-7] o.s.web.servlet.DispatcherServlet        : Completed 200 OK, headers={masked}
2022-05-01 14:01:06.366 TRACE 410 --- [http-nio-8080-exec-8] o.s.web.servlet.DispatcherServlet        : GET "/webjars/bootstrap/5.1.3/css/bootstrap.min.css", parameters={}, headers={masked} in DispatcherServlet 'dispatcherServlet'
2022-05-01 14:01:06.369 TRACE 410 --- [http-nio-8080-exec-8] o.s.w.s.handler.SimpleUrlHandlerMapping  : Matching patterns [/webjars/**, /**]
2022-05-01 14:01:06.372 TRACE 410 --- [http-nio-8080-exec-8] o.s.w.s.handler.SimpleUrlHandlerMapping  : Mapped to HandlerExecutionChain with [ResourceHttpRequestHandler [classpath [META-INF/resources/webjars/]]] and 4 interceptors
2022-05-01 14:01:06.379 TRACE 410 --- [http-nio-8080-exec-9] o.s.web.servlet.DispatcherServlet        : GET "/webjars/bootstrap/5.1.3/js/bootstrap.min.js", parameters={}, headers={masked} in DispatcherServlet 'dispatcherServlet'
2022-05-01 14:01:06.381 TRACE 410 --- [http-nio-8080-exec-8] o.s.w.s.r.ResourceHttpRequestHandler     : Resource not modified
2022-05-01 14:01:06.381 TRACE 410 --- [http-nio-8080-exec-9] o.s.w.s.handler.SimpleUrlHandlerMapping  : Matching patterns [/webjars/**, /**]
2022-05-01 14:01:06.382 TRACE 410 --- [http-nio-8080-exec-8] o.s.web.servlet.DispatcherServlet        : No view rendering, null ModelAndView returned.
2022-05-01 14:01:06.383 TRACE 410 --- [http-nio-8080-exec-9] o.s.w.s.handler.SimpleUrlHandlerMapping  : Mapped to HandlerExecutionChain with [ResourceHttpRequestHandler [classpath [META-INF/resources/webjars/]]] and 4 interceptors
2022-05-01 14:01:06.384 DEBUG 410 --- [http-nio-8080-exec-8] o.s.web.servlet.DispatcherServlet        : Completed 304 NOT_MODIFIED, headers={masked}
2022-05-01 14:01:06.388 TRACE 410 --- [http-nio-8080-exec-9] o.s.w.s.r.ResourceHttpRequestHandler     : Resource not modified
2022-05-01 14:01:06.389 TRACE 410 --- [http-nio-8080-exec-9] o.s.web.servlet.DispatcherServlet        : No view rendering, null ModelAndView returned.
2022-05-01 14:01:06.392 DEBUG 410 --- [http-nio-8080-exec-9] o.s.web.servlet.DispatcherServlet        : Completed 304 NOT_MODIFIED, headers={masked}
2022-05-09 08:15:24.565  INFO 335 --- [Test worker] com.example.app.ApplicationTests         : Starting ApplicationTests using Java 15.0.2 on 355e6d316e93 with PID 335 (started by root in /srv)
2022-05-09 08:15:24.572  INFO 335 --- [Test worker] com.example.app.ApplicationTests         : No active profile set, falling back to 1 default profile: "default"
2022-05-09 08:15:25.247 TRACE 335 --- [Test worker] o.s.w.c.s.GenericWebApplicationContext   : Refreshing org.springframework.web.context.support.GenericWebApplicationContext@261d8190, started on Mon May 09 08:15:25 UTC 2022
2022-05-09 08:15:31.823  INFO 335 --- [Test worker] .s.d.r.c.RepositoryConfigurationDelegate : Bootstrapping Spring Data JPA repositories in DEFAULT mode.
2022-05-09 08:15:32.528  INFO 335 --- [Test worker] .s.d.r.c.RepositoryConfigurationDelegate : Finished Spring Data repository scanning in 629 ms. Found 1 JPA repository interfaces.
2022-05-09 08:15:36.739 TRACE 335 --- [Test worker] o.s.w.c.s.GenericWebApplicationContext   : No 'messageSource' bean, using [Empty MessageSource]
2022-05-09 08:15:36.740 TRACE 335 --- [Test worker] o.s.w.c.s.GenericWebApplicationContext   : No 'applicationEventMulticaster' bean, using [SimpleApplicationEventMulticaster]
2022-05-09 08:15:38.478  INFO 335 --- [Test worker] com.zaxxer.hikari.HikariDataSource       : HikariPool-1 - Starting...
2022-05-09 08:15:40.806  INFO 335 --- [Test worker] com.zaxxer.hikari.HikariDataSource       : HikariPool-1 - Start completed.
2022-05-09 08:15:41.775  INFO 335 --- [Test worker] o.hibernate.jpa.internal.util.LogHelper  : HHH000204: Processing PersistenceUnitInfo [name: default]
2022-05-09 08:15:42.644  INFO 335 --- [Test worker] org.hibernate.Version                    : HHH000412: Hibernate ORM core version 5.6.8.Final
2022-05-09 08:15:44.892  INFO 335 --- [Test worker] o.hibernate.annotations.common.Version   : HCANN000001: Hibernate Commons Annotations {5.1.2.Final}
2022-05-09 08:15:47.717  INFO 335 --- [Test worker] org.hibernate.dialect.Dialect            : HHH000400: Using dialect: org.hibernate.dialect.MySQL8Dialect
2022-05-09 08:15:54.873  INFO 335 --- [Test worker] o.h.e.t.j.p.i.JtaPlatformInitiator       : HHH000490: Using JtaPlatform implementation: [org.hibernate.engine.transaction.jta.platform.internal.NoJtaPlatform]
2022-05-09 08:15:54.997  INFO 335 --- [Test worker] j.LocalContainerEntityManagerFactoryBean : Initialized JPA EntityManagerFactory for persistence unit 'default'
2022-05-09 08:15:59.599  WARN 335 --- [Test worker] JpaBaseConfiguration$JpaWebConfiguration : spring.jpa.open-in-view is enabled by default. Therefore, database queries may be performed during view rendering. Explicitly configure spring.jpa.open-in-view to disable this warning
2022-05-09 08:16:01.983 DEBUG 335 --- [Test worker] s.w.s.m.m.a.RequestMappingHandlerAdapter : ControllerAdvice beans: 0 @ModelAttribute, 0 @InitBinder, 1 RequestBodyAdvice, 1 ResponseBodyAdvice
2022-05-09 08:16:02.813 TRACE 335 --- [Test worker] s.w.s.m.m.a.RequestMappingHandlerMapping : 
	c.e.a.AppApplication:
	{ [/]}: home()
2022-05-09 08:16:02.820 TRACE 335 --- [Test worker] s.w.s.m.m.a.RequestMappingHandlerMapping : 
	c.e.a.c.HelloController:
	{GET [/]}: index(Model)
2022-05-09 08:16:02.834 TRACE 335 --- [Test worker] s.w.s.m.m.a.RequestMappingHandlerMapping : 
	c.e.a.c.UserController:
	{GET [/users]}: index(Model)
	{DELETE [/users/{id}]}: destroy(Long)
	{POST [/users]}: create(User)
	{GET [/users/new]}: newUser(Model)
	{GET [/users/{id}]}: show(Long,Model)
	{POST [/users/confirm]}: confirm(String,String,String,Model)
2022-05-09 08:16:02.838 TRACE 335 --- [Test worker] s.w.s.m.m.a.RequestMappingHandlerMapping : 
	o.s.b.a.w.s.e.BasicErrorController:
	{ [/error]}: error(HttpServletRequest)
	{ [/error], produces [text/html]}: errorHtml(HttpServletRequest,HttpServletResponse)
2022-05-09 08:16:02.842 DEBUG 335 --- [Test worker] s.w.s.m.m.a.RequestMappingHandlerMapping : 10 mappings in 'requestMappingHandlerMapping'
2022-05-09 08:16:02.911  INFO 335 --- [Test worker] o.s.b.a.w.s.WelcomePageHandlerMapping    : Adding welcome page template: index
2022-05-09 08:16:03.464 DEBUG 335 --- [Test worker] o.s.w.s.h.BeanNameUrlHandlerMapping      : Detected 0 mappings in 'beanNameHandlerMapping'
2022-05-09 08:16:03.637 TRACE 335 --- [Test worker] o.s.w.s.f.support.RouterFunctionMapping  : 0 RouterFunction(s) in 'routerFunctionMapping'
2022-05-09 08:16:03.855 TRACE 335 --- [Test worker] o.s.w.s.handler.SimpleUrlHandlerMapping  : Mapped [/webjars/**] onto ResourceHttpRequestHandler [classpath [META-INF/resources/webjars/]]
2022-05-09 08:16:03.856 TRACE 335 --- [Test worker] o.s.w.s.handler.SimpleUrlHandlerMapping  : Mapped [/**] onto ResourceHttpRequestHandler [classpath [META-INF/resources/], classpath [resources/], classpath [static/], classpath [public/], ServletContext [/]]
2022-05-09 08:16:03.857 DEBUG 335 --- [Test worker] o.s.w.s.handler.SimpleUrlHandlerMapping  : Patterns [/webjars/**, /**] in 'resourceHandlerMapping'
2022-05-09 08:16:04.040 DEBUG 335 --- [Test worker] .m.m.a.ExceptionHandlerExceptionResolver : ControllerAdvice beans: 0 @ExceptionHandler, 1 ResponseBodyAdvice
2022-05-09 08:16:06.675 TRACE 335 --- [Test worker] o.s.w.c.s.GenericWebApplicationContext   : Using LifecycleProcessor [org.springframework.context.support.DefaultLifecycleProcessor@5c20505f]
2022-05-09 08:16:06.701  INFO 335 --- [Test worker] com.example.app.ApplicationTests         : Started ApplicationTests in 44.97 seconds (JVM running for 50.263)
2022-05-09 08:16:08.372  INFO 335 --- [Test worker] .b.t.c.SpringBootTestContextBootstrapper : Neither @ContextConfiguration nor @ContextHierarchy found for test class [com.example.app.controller.HelloControllerUnitTests], using SpringBootContextLoader
2022-05-09 08:16:08.391  INFO 335 --- [Test worker] o.s.t.c.support.AbstractContextLoader    : Could not detect default resource locations for test class [com.example.app.controller.HelloControllerUnitTests]: no resource found for suffixes {-context.xml, Context.groovy}.
2022-05-09 08:16:08.392  INFO 335 --- [Test worker] t.c.s.AnnotationConfigContextLoaderUtils : Could not detect default configuration classes for test class [com.example.app.controller.HelloControllerUnitTests]: HelloControllerUnitTests does not declare any static, non-private, non-final, nested classes annotated with @Configuration.
2022-05-09 08:16:08.547  INFO 335 --- [Test worker] .b.t.c.SpringBootTestContextBootstrapper : Found @SpringBootConfiguration com.example.app.AppApplication for test class com.example.app.controller.HelloControllerUnitTests
2022-05-09 08:16:08.564  INFO 335 --- [Test worker] .b.t.c.SpringBootTestContextBootstrapper : Loaded default TestExecutionListener class names from location [META-INF/spring.factories]: [org.springframework.boot.test.autoconfigure.restdocs.RestDocsTestExecutionListener, org.springframework.boot.test.autoconfigure.web.client.MockRestServiceServerResetTestExecutionListener, org.springframework.boot.test.autoconfigure.web.servlet.MockMvcPrintOnlyOnFailureTestExecutionListener, org.springframework.boot.test.autoconfigure.web.servlet.WebDriverTestExecutionListener, org.springframework.boot.test.autoconfigure.webservices.client.MockWebServiceServerTestExecutionListener, org.springframework.boot.test.mock.mockito.MockitoTestExecutionListener, org.springframework.boot.test.mock.mockito.ResetMocksTestExecutionListener, org.springframework.test.context.web.ServletTestExecutionListener, org.springframework.test.context.support.DirtiesContextBeforeModesTestExecutionListener, org.springframework.test.context.event.ApplicationEventsTestExecutionListener, org.springframework.test.context.support.DependencyInjectionTestExecutionListener, org.springframework.test.context.support.DirtiesContextTestExecutionListener, org.springframework.test.context.transaction.TransactionalTestExecutionListener, org.springframework.test.context.jdbc.SqlScriptsTestExecutionListener, org.springframework.test.context.event.EventPublishingTestExecutionListener]
2022-05-09 08:16:08.566  INFO 335 --- [Test worker] .b.t.c.SpringBootTestContextBootstrapper : Using TestExecutionListeners: [org.springframework.test.context.web.ServletTestExecutionListener@4280b20b, org.springframework.test.context.support.DirtiesContextBeforeModesTestExecutionListener@50e4d8cd, org.springframework.test.context.event.ApplicationEventsTestExecutionListener@4b37d1a4, org.springframework.boot.test.mock.mockito.MockitoTestExecutionListener@34114276, org.springframework.boot.test.autoconfigure.SpringBootDependencyInjectionTestExecutionListener@73c6ae15, org.springframework.test.context.support.DirtiesContextTestExecutionListener@5923210, org.springframework.test.context.transaction.TransactionalTestExecutionListener@70dd79f7, org.springframework.test.context.jdbc.SqlScriptsTestExecutionListener@4ee19768, org.springframework.test.context.event.EventPublishingTestExecutionListener@8113ea7, org.springframework.boot.test.autoconfigure.restdocs.RestDocsTestExecutionListener@1c879f07, org.springframework.boot.test.autoconfigure.web.client.MockRestServiceServerResetTestExecutionListener@78e4fa1, org.springframework.boot.test.autoconfigure.web.servlet.MockMvcPrintOnlyOnFailureTestExecutionListener@4516c2ef, org.springframework.boot.test.autoconfigure.web.servlet.WebDriverTestExecutionListener@44f338ec, org.springframework.boot.test.autoconfigure.webservices.client.MockWebServiceServerTestExecutionListener@64acf8d2, org.springframework.boot.test.mock.mockito.ResetMocksTestExecutionListener@112a50a1]
2022-05-09 08:16:08.800  INFO 335 --- [Test worker] c.e.a.c.HelloControllerUnitTests         : Starting HelloControllerUnitTests using Java 15.0.2 on 355e6d316e93 with PID 335 (started by root in /srv)
2022-05-09 08:16:08.801  INFO 335 --- [Test worker] c.e.a.c.HelloControllerUnitTests         : No active profile set, falling back to 1 default profile: "default"
2022-05-09 08:16:08.836 TRACE 335 --- [Test worker] o.s.w.c.s.GenericWebApplicationContext   : Refreshing org.springframework.web.context.support.GenericWebApplicationContext@13087c75, started on Mon May 09 08:16:08 UTC 2022
2022-05-09 08:16:11.458  INFO 335 --- [Test worker] .s.d.r.c.RepositoryConfigurationDelegate : Bootstrapping Spring Data JPA repositories in DEFAULT mode.
2022-05-09 08:16:11.827  INFO 335 --- [Test worker] .s.d.r.c.RepositoryConfigurationDelegate : Finished Spring Data repository scanning in 367 ms. Found 1 JPA repository interfaces.
2022-05-09 08:16:12.704 TRACE 335 --- [Test worker] o.s.w.c.s.GenericWebApplicationContext   : No 'messageSource' bean, using [Empty MessageSource]
2022-05-09 08:16:12.705 TRACE 335 --- [Test worker] o.s.w.c.s.GenericWebApplicationContext   : No 'applicationEventMulticaster' bean, using [SimpleApplicationEventMulticaster]
2022-05-09 08:16:13.014  INFO 335 --- [Test worker] com.zaxxer.hikari.HikariDataSource       : HikariPool-2 - Starting...
2022-05-09 08:16:13.044  INFO 335 --- [Test worker] com.zaxxer.hikari.HikariDataSource       : HikariPool-2 - Start completed.
2022-05-09 08:16:13.614  INFO 335 --- [Test worker] o.hibernate.jpa.internal.util.LogHelper  : HHH000204: Processing PersistenceUnitInfo [name: default]
2022-05-09 08:16:13.805  INFO 335 --- [Test worker] org.hibernate.dialect.Dialect            : HHH000400: Using dialect: org.hibernate.dialect.MySQL8Dialect
2022-05-09 08:16:14.030  INFO 335 --- [Test worker] o.h.e.t.j.p.i.JtaPlatformInitiator       : HHH000490: Using JtaPlatform implementation: [org.hibernate.engine.transaction.jta.platform.internal.NoJtaPlatform]
2022-05-09 08:16:14.030  INFO 335 --- [Test worker] j.LocalContainerEntityManagerFactoryBean : Initialized JPA EntityManagerFactory for persistence unit 'default'
2022-05-09 08:16:15.722  WARN 335 --- [Test worker] JpaBaseConfiguration$JpaWebConfiguration : spring.jpa.open-in-view is enabled by default. Therefore, database queries may be performed during view rendering. Explicitly configure spring.jpa.open-in-view to disable this warning
2022-05-09 08:16:16.687 DEBUG 335 --- [Test worker] s.w.s.m.m.a.RequestMappingHandlerAdapter : ControllerAdvice beans: 0 @ModelAttribute, 0 @InitBinder, 1 RequestBodyAdvice, 1 ResponseBodyAdvice
2022-05-09 08:16:16.859 TRACE 335 --- [Test worker] s.w.s.m.m.a.RequestMappingHandlerMapping : 
	c.e.a.AppApplication:
	{ [/]}: home()
2022-05-09 08:16:16.861 TRACE 335 --- [Test worker] s.w.s.m.m.a.RequestMappingHandlerMapping : 
	c.e.a.c.HelloController:
	{GET [/]}: index(Model)
2022-05-09 08:16:16.864 TRACE 335 --- [Test worker] s.w.s.m.m.a.RequestMappingHandlerMapping : 
	c.e.a.c.UserController:
	{GET [/users]}: index(Model)
	{DELETE [/users/{id}]}: destroy(Long)
	{POST [/users]}: create(User)
	{GET [/users/new]}: newUser(Model)
	{GET [/users/{id}]}: show(Long,Model)
	{POST [/users/confirm]}: confirm(String,String,String,Model)
2022-05-09 08:16:16.866 TRACE 335 --- [Test worker] s.w.s.m.m.a.RequestMappingHandlerMapping : 
	o.s.b.a.w.s.e.BasicErrorController:
	{ [/error]}: error(HttpServletRequest)
	{ [/error], produces [text/html]}: errorHtml(HttpServletRequest,HttpServletResponse)
2022-05-09 08:16:16.868 DEBUG 335 --- [Test worker] s.w.s.m.m.a.RequestMappingHandlerMapping : 10 mappings in 'requestMappingHandlerMapping'
2022-05-09 08:16:16.939  INFO 335 --- [Test worker] o.s.b.a.w.s.WelcomePageHandlerMapping    : Adding welcome page template: index
2022-05-09 08:16:17.323 DEBUG 335 --- [Test worker] o.s.w.s.h.BeanNameUrlHandlerMapping      : Detected 0 mappings in 'beanNameHandlerMapping'
2022-05-09 08:16:17.429 TRACE 335 --- [Test worker] o.s.w.s.f.support.RouterFunctionMapping  : 0 RouterFunction(s) in 'routerFunctionMapping'
2022-05-09 08:16:17.553 TRACE 335 --- [Test worker] o.s.w.s.handler.SimpleUrlHandlerMapping  : Mapped [/webjars/**] onto ResourceHttpRequestHandler [classpath [META-INF/resources/webjars/]]
2022-05-09 08:16:17.554 TRACE 335 --- [Test worker] o.s.w.s.handler.SimpleUrlHandlerMapping  : Mapped [/**] onto ResourceHttpRequestHandler [classpath [META-INF/resources/], classpath [resources/], classpath [static/], classpath [public/], ServletContext [/]]
2022-05-09 08:16:17.556 DEBUG 335 --- [Test worker] o.s.w.s.handler.SimpleUrlHandlerMapping  : Patterns [/webjars/**, /**] in 'resourceHandlerMapping'
2022-05-09 08:16:17.650 DEBUG 335 --- [Test worker] .m.m.a.ExceptionHandlerExceptionResolver : ControllerAdvice beans: 0 @ExceptionHandler, 1 ResponseBodyAdvice
2022-05-09 08:16:19.782  INFO 335 --- [Test worker] o.s.b.t.m.w.SpringBootMockServletContext : Initializing Spring TestDispatcherServlet ''
2022-05-09 08:16:19.783  INFO 335 --- [Test worker] o.s.t.web.servlet.TestDispatcherServlet  : Initializing Servlet ''
2022-05-09 08:16:19.785  INFO 335 --- [Test worker] o.s.t.web.servlet.TestDispatcherServlet  : Completed initialization in 1 ms
2022-05-09 08:16:19.816 TRACE 335 --- [Test worker] o.s.w.c.s.GenericWebApplicationContext   : Using LifecycleProcessor [org.springframework.context.support.DefaultLifecycleProcessor@35217e0]
2022-05-09 08:16:19.821  INFO 335 --- [Test worker] c.e.a.c.HelloControllerUnitTests         : Started HelloControllerUnitTests in 11.243 seconds (JVM running for 63.383)
2022-05-09 08:16:20.293 TRACE 335 --- [Test worker] s.w.s.m.m.a.RequestMappingHandlerMapping : 2 matching mappings: [{GET [/]}, { [/]}]
2022-05-09 08:16:20.301 TRACE 335 --- [Test worker] s.w.s.m.m.a.RequestMappingHandlerMapping : Mapped to com.example.app.controller.HelloController#index(Model)
2022-05-09 08:16:20.502 TRACE 335 --- [Test worker] o.s.web.method.HandlerMethod             : Arguments: [{}]
2022-05-09 08:16:20.542 TRACE 335 --- [Test worker] s.w.s.m.m.a.RequestMappingHandlerAdapter : Applying default cacheSeconds=-1
2022-05-09 08:16:20.701 DEBUG 335 --- [Test worker] o.s.w.s.v.ContentNegotiatingViewResolver : Selected '*/*' given [*/*]
2022-05-09 08:16:23.247 TRACE 335 --- [Test worker] s.w.s.m.m.a.RequestMappingHandlerMapping : 2 matching mappings: [{GET [/]}, { [/]}]
2022-05-09 08:16:23.248 TRACE 335 --- [Test worker] s.w.s.m.m.a.RequestMappingHandlerMapping : Mapped to com.example.app.controller.HelloController#index(Model)
2022-05-09 08:16:23.250 TRACE 335 --- [Test worker] o.s.web.method.HandlerMethod             : Arguments: [{}]
2022-05-09 08:16:23.251 TRACE 335 --- [Test worker] s.w.s.m.m.a.RequestMappingHandlerAdapter : Applying default cacheSeconds=-1
2022-05-09 08:16:23.252 TRACE 335 --- [Test worker] o.s.w.s.v.InternalResourceViewResolver   : View with key [index] served from cache
2022-05-09 08:16:23.252 DEBUG 335 --- [Test worker] o.s.w.s.v.ContentNegotiatingViewResolver : Selected '*/*' given [*/*]
2022-05-09 08:16:23.300 DEBUG 335 --- [SpringApplicationShutdownHook] o.s.w.c.s.GenericWebApplicationContext   : Closing org.springframework.web.context.support.GenericWebApplicationContext@261d8190, started on Mon May 09 08:15:25 UTC 2022
2022-05-09 08:16:23.303  INFO 335 --- [SpringApplicationShutdownHook] j.LocalContainerEntityManagerFactoryBean : Closing JPA EntityManagerFactory for persistence unit 'default'
2022-05-09 08:16:23.315  INFO 335 --- [SpringApplicationShutdownHook] com.zaxxer.hikari.HikariDataSource       : HikariPool-1 - Shutdown initiated...
2022-05-09 08:16:23.323  INFO 335 --- [SpringApplicationShutdownHook] com.zaxxer.hikari.HikariDataSource       : HikariPool-1 - Shutdown completed.
2022-05-09 08:16:23.324 DEBUG 335 --- [SpringApplicationShutdownHook] o.s.w.c.s.GenericWebApplicationContext   : Closing org.springframework.web.context.support.GenericWebApplicationContext@13087c75, started on Mon May 09 08:16:08 UTC 2022
2022-05-09 08:16:23.328  INFO 335 --- [SpringApplicationShutdownHook] j.LocalContainerEntityManagerFactoryBean : Closing JPA EntityManagerFactory for persistence unit 'default'
2022-05-09 08:16:23.331  INFO 335 --- [SpringApplicationShutdownHook] com.zaxxer.hikari.HikariDataSource       : HikariPool-2 - Shutdown initiated...
2022-05-09 08:16:23.336  INFO 335 --- [SpringApplicationShutdownHook] com.zaxxer.hikari.HikariDataSource       : HikariPool-2 - Shutdown completed.
